  [1m[36m (11.5ms)[0m  [1mCREATE TABLE "schema_migrations" ("version" varchar NOT NULL) [0m
  [1m[35m (0.1ms)[0m  select sqlite_version(*)
  [1m[36m (4.2ms)[0m  [1mCREATE UNIQUE INDEX "unique_schema_migrations" ON "schema_migrations" ("version")[0m
  [1m[35mActiveRecord::SchemaMigration Load (0.1ms)[0m  SELECT "schema_migrations".* FROM "schema_migrations"
Migrating to CreateMovies (20150809022253)
  [1m[36m (0.0ms)[0m  [1mbegin transaction[0m
DEPRECATION WARNING: `#timestamps` was called without specifying an option for `null`. In Rails 5, this behavior will change to `null: false`. You should manually specify `null: true` to prevent the behavior of your existing migrations from changing. (called from block in change at /home/ec2-user/environment/HW2/hw-rails-intro/db/migrate/20150809022253_create_movies.rb:10)
  [1m[35m (0.2ms)[0m  CREATE TABLE "movies" ("id" INTEGER PRIMARY KEY AUTOINCREMENT NOT NULL, "title" varchar, "rating" varchar, "description" text, "release_date" datetime, "created_at" datetime, "updated_at" datetime) 
  [1m[36mSQL (0.1ms)[0m  [1mINSERT INTO "schema_migrations" ("version") VALUES (?)[0m  [["version", "20150809022253"]]
  [1m[35m (10.9ms)[0m  commit transaction
  [1m[36mActiveRecord::SchemaMigration Load (0.1ms)[0m  [1mSELECT "schema_migrations".* FROM "schema_migrations"[0m
  [1m[36mActiveRecord::SchemaMigration Load (0.1ms)[0m  [1mSELECT "schema_migrations".* FROM "schema_migrations"[0m
  [1m[35m (0.1ms)[0m  begin transaction
  [1m[36mSQL (3.3ms)[0m  [1mINSERT INTO "movies" ("title", "rating", "release_date", "created_at", "updated_at") VALUES (?, ?, ?, ?, ?)[0m  [["title", "Aladdin"], ["rating", "G"], ["release_date", "1992-11-25 00:00:00.000000"], ["created_at", "2021-09-27 16:47:55.049281"], ["updated_at", "2021-09-27 16:47:55.049281"]]
  [1m[35m (6.7ms)[0m  commit transaction
  [1m[36m (0.0ms)[0m  [1mbegin transaction[0m
  [1m[35mSQL (0.1ms)[0m  INSERT INTO "movies" ("title", "rating", "release_date", "created_at", "updated_at") VALUES (?, ?, ?, ?, ?)  [["title", "The Terminator"], ["rating", "R"], ["release_date", "1984-10-26 00:00:00.000000"], ["created_at", "2021-09-27 16:47:55.060709"], ["updated_at", "2021-09-27 16:47:55.060709"]]
  [1m[36m (6.7ms)[0m  [1mcommit transaction[0m
  [1m[35m (0.0ms)[0m  begin transaction
  [1m[36mSQL (0.1ms)[0m  [1mINSERT INTO "movies" ("title", "rating", "release_date", "created_at", "updated_at") VALUES (?, ?, ?, ?, ?)[0m  [["title", "When Harry Met Sally"], ["rating", "R"], ["release_date", "1989-07-21 00:00:00.000000"], ["created_at", "2021-09-27 16:47:55.068631"], ["updated_at", "2021-09-27 16:47:55.068631"]]
  [1m[35m (5.2ms)[0m  commit transaction
  [1m[36m (0.0ms)[0m  [1mbegin transaction[0m
  [1m[35mSQL (0.1ms)[0m  INSERT INTO "movies" ("title", "rating", "release_date", "created_at", "updated_at") VALUES (?, ?, ?, ?, ?)  [["title", "The Help"], ["rating", "PG-13"], ["release_date", "2011-08-10 00:00:00.000000"], ["created_at", "2021-09-27 16:47:55.075088"], ["updated_at", "2021-09-27 16:47:55.075088"]]
  [1m[36m (4.3ms)[0m  [1mcommit transaction[0m
  [1m[35m (0.0ms)[0m  begin transaction
  [1m[36mSQL (0.1ms)[0m  [1mINSERT INTO "movies" ("title", "rating", "release_date", "created_at", "updated_at") VALUES (?, ?, ?, ?, ?)[0m  [["title", "Chocolat"], ["rating", "PG-13"], ["release_date", "2001-01-05 00:00:00.000000"], ["created_at", "2021-09-27 16:47:55.080739"], ["updated_at", "2021-09-27 16:47:55.080739"]]
  [1m[35m (9.0ms)[0m  commit transaction
  [1m[36m (0.0ms)[0m  [1mbegin transaction[0m
  [1m[35mSQL (0.1ms)[0m  INSERT INTO "movies" ("title", "rating", "release_date", "created_at", "updated_at") VALUES (?, ?, ?, ?, ?)  [["title", "Amelie"], ["rating", "R"], ["release_date", "2001-04-25 00:00:00.000000"], ["created_at", "2021-09-27 16:47:55.091074"], ["updated_at", "2021-09-27 16:47:55.091074"]]
  [1m[36m (4.9ms)[0m  [1mcommit transaction[0m
  [1m[35m (0.0ms)[0m  begin transaction
  [1m[36mSQL (0.1ms)[0m  [1mINSERT INTO "movies" ("title", "rating", "release_date", "created_at", "updated_at") VALUES (?, ?, ?, ?, ?)[0m  [["title", "2001: A Space Odyssey"], ["rating", "G"], ["release_date", "1968-04-06 00:00:00.000000"], ["created_at", "2021-09-27 16:47:55.097317"], ["updated_at", "2021-09-27 16:47:55.097317"]]
  [1m[35m (5.2ms)[0m  commit transaction
  [1m[36m (0.0ms)[0m  [1mbegin transaction[0m
  [1m[35mSQL (0.1ms)[0m  INSERT INTO "movies" ("title", "rating", "release_date", "created_at", "updated_at") VALUES (?, ?, ?, ?, ?)  [["title", "The Incredibles"], ["rating", "PG"], ["release_date", "2004-11-05 00:00:00.000000"], ["created_at", "2021-09-27 16:47:55.103735"], ["updated_at", "2021-09-27 16:47:55.103735"]]
  [1m[36m (4.8ms)[0m  [1mcommit transaction[0m
  [1m[35m (0.0ms)[0m  begin transaction
  [1m[36mSQL (0.1ms)[0m  [1mINSERT INTO "movies" ("title", "rating", "release_date", "created_at", "updated_at") VALUES (?, ?, ?, ?, ?)[0m  [["title", "Raiders of the Lost Ark"], ["rating", "PG"], ["release_date", "1981-06-12 00:00:00.000000"], ["created_at", "2021-09-27 16:47:55.109699"], ["updated_at", "2021-09-27 16:47:55.109699"]]
  [1m[35m (4.8ms)[0m  commit transaction
  [1m[36m (0.0ms)[0m  [1mbegin transaction[0m
  [1m[35mSQL (0.1ms)[0m  INSERT INTO "movies" ("title", "rating", "release_date", "created_at", "updated_at") VALUES (?, ?, ?, ?, ?)  [["title", "Chicken Run"], ["rating", "G"], ["release_date", "2000-06-21 00:00:00.000000"], ["created_at", "2021-09-27 16:47:55.115738"], ["updated_at", "2021-09-27 16:47:55.115738"]]
  [1m[36m (6.5ms)[0m  [1mcommit transaction[0m


Started GET "/movies" for 127.0.0.1 at 2021-09-27 16:52:46 +0000
  [1m[36mActiveRecord::SchemaMigration Load (0.1ms)[0m  [1mSELECT "schema_migrations".* FROM "schema_migrations"[0m
Processing by MoviesController#index as */*
  [1m[35mMovie Load (0.2ms)[0m  SELECT "movies".* FROM "movies"
  Rendered movies/index.html.erb within layouts/application (8.8ms)
  Rendered layouts/_flash.erb (4.0ms)
Completed 200 OK in 578ms (Views: 576.5ms | ActiveRecord: 0.5ms)


Started GET "/" for ::1 at 2021-09-27 14:26:54 -0500
  [1m[36mActiveRecord::SchemaMigration Load (0.0ms)[0m  [1mSELECT "schema_migrations".* FROM "schema_migrations"[0m

SyntaxError (/Users/ryantansey/OneDrive - Texas A&M University/CSCE606/HW2/hw-rails-intro/app/controllers/movies_controller.rb:13: syntax error, unexpected tIDENTIFIER, expecting end
      @elsif params[:sort] == "release_date"
             ^~~~~~):
  app/controllers/movies_controller.rb:13: syntax error, unexpected tIDENTIFIER, expecting end


  Rendered /Users/ryantansey/.rvm/gems/ruby-2.6.6/gems/actionpack-4.2.11/lib/action_dispatch/middleware/templates/rescues/_source.erb (3.5ms)
  Rendered /Users/ryantansey/.rvm/gems/ruby-2.6.6/gems/actionpack-4.2.11/lib/action_dispatch/middleware/templates/rescues/_trace.html.erb (1.4ms)
  Rendered /Users/ryantansey/.rvm/gems/ruby-2.6.6/gems/actionpack-4.2.11/lib/action_dispatch/middleware/templates/rescues/_request_and_response.html.erb (3.5ms)
  Rendered /Users/ryantansey/.rvm/gems/ruby-2.6.6/gems/actionpack-4.2.11/lib/action_dispatch/middleware/templates/rescues/diagnostics.html.erb within rescues/layout (15.9ms)
  Rendered /Users/ryantansey/.rvm/gems/ruby-2.6.6/gems/web-console-2.3.0/lib/web_console/templates/_markup.html.erb (0.2ms)
  Rendered /Users/ryantansey/.rvm/gems/ruby-2.6.6/gems/web-console-2.3.0/lib/web_console/templates/_inner_console_markup.html.erb within layouts/inlined_string (0.1ms)
  Rendered /Users/ryantansey/.rvm/gems/ruby-2.6.6/gems/web-console-2.3.0/lib/web_console/templates/_prompt_box_markup.html.erb within layouts/inlined_string (0.2ms)
  Rendered /Users/ryantansey/.rvm/gems/ruby-2.6.6/gems/web-console-2.3.0/lib/web_console/templates/style.css.erb within layouts/inlined_string (0.2ms)
  Rendered /Users/ryantansey/.rvm/gems/ruby-2.6.6/gems/web-console-2.3.0/lib/web_console/templates/console.js.erb within layouts/javascript (12.5ms)
  Rendered /Users/ryantansey/.rvm/gems/ruby-2.6.6/gems/web-console-2.3.0/lib/web_console/templates/main.js.erb within layouts/javascript (0.1ms)
  Rendered /Users/ryantansey/.rvm/gems/ruby-2.6.6/gems/web-console-2.3.0/lib/web_console/templates/error_page.js.erb within layouts/javascript (0.2ms)
  Rendered /Users/ryantansey/.rvm/gems/ruby-2.6.6/gems/web-console-2.3.0/lib/web_console/templates/index.html.erb (22.5ms)


Started GET "/" for ::1 at 2021-09-27 14:27:26 -0500
  [1m[36mActiveRecord::SchemaMigration Load (0.0ms)[0m  [1mSELECT "schema_migrations".* FROM "schema_migrations"[0m
Processing by MoviesController#index as HTML
  [1m[35mMovie Load (0.1ms)[0m  SELECT "movies".* FROM "movies"
  Rendered movies/index.html.erb within layouts/application (5.7ms)
  Rendered layouts/_flash.erb (0.3ms)
Completed 200 OK in 182ms (Views: 180.3ms | ActiveRecord: 0.2ms)


Started GET "/assets/application.self-c097c22616796d5d1fee5e7a27607ad7d657a412817814da156dbdcb34084e6a.css?body=1" for ::1 at 2021-09-27 14:27:26 -0500


Started GET "/movies?sort=title" for ::1 at 2021-09-27 14:27:29 -0500
Processing by MoviesController#index as HTML
  Parameters: {"sort"=>"title"}
  [1m[36mMovie Load (0.4ms)[0m  [1mSELECT "movies".* FROM "movies"  ORDER BY "movies"."title" ASC[0m
  Rendered movies/index.html.erb within layouts/application (6.2ms)
  Rendered layouts/_flash.erb (0.0ms)
Completed 200 OK in 23ms (Views: 21.9ms | ActiveRecord: 0.4ms)


Started GET "/movies?sort=title" for ::1 at 2021-09-27 14:27:30 -0500
Processing by MoviesController#index as HTML
  Parameters: {"sort"=>"title"}
  [1m[35mMovie Load (0.5ms)[0m  SELECT "movies".* FROM "movies"  ORDER BY "movies"."title" ASC
  Rendered movies/index.html.erb within layouts/application (6.7ms)
  Rendered layouts/_flash.erb (0.1ms)
Completed 200 OK in 25ms (Views: 23.4ms | ActiveRecord: 0.5ms)


Started GET "/movies?sort=title" for ::1 at 2021-09-27 14:27:31 -0500
Processing by MoviesController#index as HTML
  Parameters: {"sort"=>"title"}
  [1m[36mMovie Load (0.4ms)[0m  [1mSELECT "movies".* FROM "movies"  ORDER BY "movies"."title" ASC[0m
  Rendered movies/index.html.erb within layouts/application (5.9ms)
  Rendered layouts/_flash.erb (0.1ms)
Completed 200 OK in 23ms (Views: 22.2ms | ActiveRecord: 0.4ms)


Started GET "/" for ::1 at 2021-09-27 14:32:58 -0500
  [1m[36mActiveRecord::SchemaMigration Load (0.0ms)[0m  [1mSELECT "schema_migrations".* FROM "schema_migrations"[0m
Processing by MoviesController#index as HTML
  [1m[35mMovie Load (0.1ms)[0m  SELECT "movies".* FROM "movies"
  Rendered movies/index.html.erb within layouts/application (11.1ms)
  Rendered layouts/_flash.erb (0.3ms)
Completed 200 OK in 164ms (Views: 160.8ms | ActiveRecord: 0.2ms)


Started GET "/movies?sort=title" for ::1 at 2021-09-27 14:33:00 -0500
Processing by MoviesController#index as HTML
  Parameters: {"sort"=>"title"}
  [1m[36mMovie Load (0.4ms)[0m  [1mSELECT "movies".* FROM "movies"  ORDER BY "movies"."title" ASC[0m
  Rendered movies/index.html.erb within layouts/application (7.0ms)
  Rendered layouts/_flash.erb (0.1ms)
Completed 200 OK in 69ms (Views: 67.8ms | ActiveRecord: 0.4ms)


Started GET "/movies?sort=title" for ::1 at 2021-09-27 14:33:01 -0500
Processing by MoviesController#index as HTML
  Parameters: {"sort"=>"title"}
  [1m[35mMovie Load (0.4ms)[0m  SELECT "movies".* FROM "movies"  ORDER BY "movies"."title" ASC
  Rendered movies/index.html.erb within layouts/application (6.4ms)
  Rendered layouts/_flash.erb (0.1ms)
Completed 200 OK in 26ms (Views: 24.7ms | ActiveRecord: 0.4ms)


Started GET "/" for ::1 at 2021-09-27 14:34:28 -0500
  [1m[36mActiveRecord::SchemaMigration Load (0.0ms)[0m  [1mSELECT "schema_migrations".* FROM "schema_migrations"[0m
Processing by MoviesController#index as HTML
  [1m[35mMovie Load (0.1ms)[0m  SELECT "movies".* FROM "movies"
  Rendered movies/index.html.erb within layouts/application (13.5ms)
  Rendered layouts/_flash.erb (0.3ms)
Completed 200 OK in 175ms (Views: 172.7ms | ActiveRecord: 0.2ms)


Started GET "/movies?sort=title" for ::1 at 2021-09-27 14:34:29 -0500
Processing by MoviesController#index as HTML
  Parameters: {"sort"=>"title"}
  [1m[36mMovie Load (0.5ms)[0m  [1mSELECT "movies".* FROM "movies"  ORDER BY "movies"."title" ASC[0m
  Rendered movies/index.html.erb within layouts/application (6.1ms)
  Rendered layouts/_flash.erb (0.1ms)
Completed 200 OK in 64ms (Views: 63.3ms | ActiveRecord: 0.4ms)


Started GET "/movies?sort=title" for ::1 at 2021-09-27 14:34:30 -0500
Processing by MoviesController#index as HTML
  Parameters: {"sort"=>"title"}
  [1m[35mMovie Load (0.4ms)[0m  SELECT "movies".* FROM "movies"  ORDER BY "movies"."title" ASC
  Rendered movies/index.html.erb within layouts/application (6.7ms)
  Rendered layouts/_flash.erb (0.1ms)
Completed 200 OK in 24ms (Views: 22.8ms | ActiveRecord: 0.4ms)


Started GET "/" for ::1 at 2021-09-27 14:34:43 -0500
Processing by MoviesController#index as HTML
  [1m[36mMovie Load (0.4ms)[0m  [1mSELECT "movies".* FROM "movies"[0m
  Rendered movies/index.html.erb within layouts/application (5.9ms)
  Rendered layouts/_flash.erb (0.1ms)
Completed 200 OK in 30ms (Views: 28.9ms | ActiveRecord: 0.4ms)


Started GET "/movies?sort=title" for ::1 at 2021-09-27 14:34:44 -0500
Processing by MoviesController#index as HTML
  Parameters: {"sort"=>"title"}
  [1m[35mMovie Load (0.3ms)[0m  SELECT "movies".* FROM "movies"  ORDER BY "movies"."title" ASC
  Rendered movies/index.html.erb within layouts/application (5.7ms)
  Rendered layouts/_flash.erb (0.1ms)
Completed 200 OK in 23ms (Views: 22.5ms | ActiveRecord: 0.3ms)


Started GET "/movies?sort=title" for ::1 at 2021-09-27 14:38:18 -0500
Processing by MoviesController#index as HTML
  Parameters: {"sort"=>"title"}
  [1m[36mMovie Load (0.4ms)[0m  [1mSELECT "movies".* FROM "movies"  ORDER BY "movies"."title" ASC[0m
  Rendered movies/index.html.erb within layouts/application (6.9ms)
  Rendered layouts/_flash.erb (0.1ms)
Completed 200 OK in 36ms (Views: 32.3ms | ActiveRecord: 0.4ms)


Started GET "/movies?sort=title" for ::1 at 2021-09-27 14:43:48 -0500
  [1m[36mActiveRecord::SchemaMigration Load (0.0ms)[0m  [1mSELECT "schema_migrations".* FROM "schema_migrations"[0m
Processing by MoviesController#index as HTML
  Parameters: {"sort"=>"title"}
  [1m[35mMovie Load (0.1ms)[0m  SELECT "movies".* FROM "movies"  ORDER BY "movies"."title" ASC
  Rendered movies/index.html.erb within layouts/application (19.8ms)
  Rendered layouts/_flash.erb (0.3ms)
Completed 200 OK in 187ms (Views: 185.1ms | ActiveRecord: 0.3ms)


Started GET "/movies?sort=title" for ::1 at 2021-09-27 14:43:50 -0500
Processing by MoviesController#index as HTML
  Parameters: {"sort"=>"title"}
  [1m[36mMovie Load (0.4ms)[0m  [1mSELECT "movies".* FROM "movies"  ORDER BY "movies"."title" ASC[0m
  Rendered movies/index.html.erb within layouts/application (7.9ms)
  Rendered layouts/_flash.erb (0.1ms)
Completed 200 OK in 23ms (Views: 21.8ms | ActiveRecord: 0.4ms)


Started GET "/movies?sort=title" for ::1 at 2021-09-27 14:44:40 -0500
Processing by MoviesController#index as HTML
  Parameters: {"sort"=>"title"}
  [1m[35mMovie Load (0.3ms)[0m  SELECT "movies".* FROM "movies"  ORDER BY "movies"."title" ASC
  Rendered movies/index.html.erb within layouts/application (6.0ms)
  Rendered layouts/_flash.erb (0.1ms)
Completed 200 OK in 19ms (Views: 17.3ms | ActiveRecord: 0.4ms)


Started GET "/movies?sort=title" for ::1 at 2021-09-27 14:44:42 -0500
Processing by MoviesController#index as HTML
  Parameters: {"sort"=>"title"}
  [1m[36mMovie Load (0.4ms)[0m  [1mSELECT "movies".* FROM "movies"  ORDER BY "movies"."title" ASC[0m
  Rendered movies/index.html.erb within layouts/application (6.9ms)
  Rendered layouts/_flash.erb (0.1ms)
Completed 200 OK in 24ms (Views: 23.4ms | ActiveRecord: 0.4ms)


Started GET "/movies" for ::1 at 2021-09-27 14:44:51 -0500
Processing by MoviesController#index as HTML
  [1m[35mMovie Load (0.3ms)[0m  SELECT "movies".* FROM "movies"
  Rendered movies/index.html.erb within layouts/application (5.7ms)
  Rendered layouts/_flash.erb (0.1ms)
Completed 200 OK in 22ms (Views: 21.1ms | ActiveRecord: 0.3ms)


Started GET "/movies?sort=title" for ::1 at 2021-09-27 14:44:53 -0500
Processing by MoviesController#index as HTML
  Parameters: {"sort"=>"title"}
  [1m[36mMovie Load (0.3ms)[0m  [1mSELECT "movies".* FROM "movies"  ORDER BY "movies"."title" ASC[0m
  Rendered movies/index.html.erb within layouts/application (6.0ms)
  Rendered layouts/_flash.erb (0.1ms)
Completed 200 OK in 27ms (Views: 25.9ms | ActiveRecord: 0.3ms)


Started GET "/movies?sort=title" for ::1 at 2021-09-27 14:50:01 -0500
Processing by MoviesController#index as HTML
  Parameters: {"sort"=>"title"}
  [1m[35mMovie Load (0.5ms)[0m  SELECT "movies".* FROM "movies"  ORDER BY "movies"."title" ASC
  Rendered movies/index.html.erb within layouts/application (6.4ms)
  Rendered layouts/_flash.erb (0.1ms)
Completed 200 OK in 33ms (Views: 27.1ms | ActiveRecord: 0.5ms)


Started GET "/assets/application.self-756d9526821ae7f295ce2ce8d219a1a218146ac801bb819bb52ce79062764b6b.css?body=1" for ::1 at 2021-09-27 14:50:01 -0500


Started GET "/movies?sort=title" for ::1 at 2021-09-27 14:50:03 -0500
Processing by MoviesController#index as HTML
  Parameters: {"sort"=>"title"}
  [1m[36mMovie Load (0.4ms)[0m  [1mSELECT "movies".* FROM "movies"  ORDER BY "movies"."title" ASC[0m
  Rendered movies/index.html.erb within layouts/application (6.0ms)
  Rendered layouts/_flash.erb (0.2ms)
Completed 200 OK in 46ms (Views: 45.3ms | ActiveRecord: 0.4ms)


Started GET "/movies" for ::1 at 2021-09-27 14:50:05 -0500
Processing by MoviesController#index as HTML
  [1m[35mMovie Load (0.3ms)[0m  SELECT "movies".* FROM "movies"
  Rendered movies/index.html.erb within layouts/application (5.6ms)
  Rendered layouts/_flash.erb (0.1ms)
Completed 200 OK in 23ms (Views: 21.9ms | ActiveRecord: 0.3ms)


Started GET "/movies?sort=title" for ::1 at 2021-09-27 14:50:07 -0500
Processing by MoviesController#index as HTML
  Parameters: {"sort"=>"title"}
  [1m[36mMovie Load (0.4ms)[0m  [1mSELECT "movies".* FROM "movies"  ORDER BY "movies"."title" ASC[0m
  Rendered movies/index.html.erb within layouts/application (6.9ms)
  Rendered layouts/_flash.erb (0.1ms)
Completed 200 OK in 23ms (Views: 22.2ms | ActiveRecord: 0.4ms)
